Figwheel: focusing on build-ids (dev)
[0mCompiling "resources/public/js/compiled/threejs_figwheel.js" from ["src"]...
[32mSuccessfully compiled "resources/public/js/compiled/threejs_figwheel.js" in 0.148 seconds.[0m
notifying browser that file changed:  resources/public/js/compiled/out/goog/deps.js
notifying browser that file changed:  resources/public/js/compiled/out/cljs_deps.js
notifying browser that file changed:  /threejs_figwheel/core.js
[0mCompiling "resources/public/js/compiled/threejs_figwheel.js" from ["src"]...
[32mSuccessfully compiled "resources/public/js/compiled/threejs_figwheel.js" in 0.125 seconds.[0m
notifying browser that file changed:  /threejs_figwheel/core.js
Figwheel: focusing on build-ids (dev)
[0mCompiling "resources/public/js/compiled/tgen.js" from ["src"]...
[32mSuccessfully compiled "resources/public/js/compiled/tgen.js" in 0.163 seconds.[0m
notifying browser that file changed:  resources/public/js/compiled/out/goog/deps.js
notifying browser that file changed:  resources/public/js/compiled/out/cljs_deps.js
notifying browser that file changed:  /threejs_figwheel/core.js
[0mCompiling "resources/public/js/compiled/tgen.js" from ["src"]...
[32mSuccessfully compiled "resources/public/js/compiled/tgen.js" in 0.212 seconds.[0m
notifying browser that file changed:  resources/public/js/compiled/out/cljs_deps.js
notifying browser that file changed:  /threejs_figwheel/core.js
notifying browser that file changed:  /tgen/core.js
Figwheel: focusing on build-ids (dev)
[0mCompiling "resources/public/js/compiled/tgen.js" from ["src"]...
[32mSuccessfully compiled "resources/public/js/compiled/tgen.js" in 0.142 seconds.[0m
notifying browser that file changed:  resources/public/js/compiled/out/goog/deps.js
notifying browser that file changed:  resources/public/js/compiled/out/cljs_deps.js
notifying browser that file changed:  /tgen/core.js
Figwheel: focusing on build-ids (dev)
[0mCompiling "resources/public/js/compiled/tgen.js" from ["src"]...
[32mSuccessfully compiled "resources/public/js/compiled/tgen.js" in 0.167 seconds.[0m
notifying browser that file changed:  resources/public/js/compiled/out/goog/deps.js
notifying browser that file changed:  resources/public/js/compiled/out/cljs_deps.js
notifying browser that file changed:  /tgen/core.js
Figwheel: focusing on build-ids (dev)
[0mCompiling "resources/public/js/compiled/tgen.js" from ["src"]...
[32mSuccessfully compiled "resources/public/js/compiled/tgen.js" in 0.139 seconds.[0m
notifying browser that file changed:  resources/public/js/compiled/out/goog/deps.js
notifying browser that file changed:  resources/public/js/compiled/out/cljs_deps.js
notifying browser that file changed:  /tgen/core.js
Figwheel: focusing on build-ids (dev)
[0mCompiling "resources/public/js/compiled/tgen.js" from ["src"]...
[32mSuccessfully compiled "resources/public/js/compiled/tgen.js" in 0.144 seconds.[0m
notifying browser that file changed:  resources/public/js/compiled/out/goog/deps.js
notifying browser that file changed:  resources/public/js/compiled/out/cljs_deps.js
notifying browser that file changed:  /tgen/core.js
[0mCompiling "resources/public/js/compiled/tgen.js" from ["src"]...
[32mSuccessfully compiled "resources/public/js/compiled/tgen.js" in 0.221 seconds.[0m
notifying browser that file changed:  /tgen/core.js
Figwheel: focusing on build-ids (dev)
[0mCompiling "resources/public/js/compiled/tgen.js" from ["src"]...
[32mSuccessfully compiled "resources/public/js/compiled/tgen.js" in 0.16 seconds.[0m
notifying browser that file changed:  resources/public/js/compiled/out/goog/deps.js
notifying browser that file changed:  resources/public/js/compiled/out/cljs_deps.js
notifying browser that file changed:  /tgen/core.js
[0mCompiling "resources/public/js/compiled/tgen.js" from ["src"]...
WARNING: Use of undeclared Var tgen.core/three at line 8 src/tgen/core.cljs
[32mSuccessfully compiled "resources/public/js/compiled/tgen.js" in 0.257 seconds.[0m
notifying browser that file changed:  /tgen/core.js
[0mCompiling "resources/public/js/compiled/tgen.js" from ["src"]...
[32mSuccessfully compiled "resources/public/js/compiled/tgen.js" in 0.188 seconds.[0m
notifying browser that file changed:  /tgen/core.js
[0mCompiling "resources/public/js/compiled/tgen.js" from ["src"]...
[31mCompiling "resources/public/js/compiled/tgen.js" failed.[0m
ERROR: Invalid token: // on file /home/jstaab/Programming/heightmap/cljs/src/tgen/scene.cljs, line 6, column 3
[0mCompiling "resources/public/js/compiled/tgen.js" from ["src"]...
WARNING: Use of undeclared Var tgen.scene/unction at line 6 src/tgen/scene.cljs
WARNING: Use of undeclared Var tgen.scene/Scene at line 6 src/tgen/scene.cljs
WARNING: Use of undeclared Var tgen.scene/world at line 6 src/tgen/scene.cljs
[31mCompiling "resources/public/js/compiled/tgen.js" failed.[0m
ERROR: Invalid token: scene: on file /home/jstaab/Programming/heightmap/cljs/src/tgen/scene.cljs, line 12, column 15
[0mCompiling "resources/public/js/compiled/tgen.js" from ["src"]...
[32mSuccessfully compiled "resources/public/js/compiled/tgen.js" in 0.132 seconds.[0m
notifying browser that file changed:  resources/public/js/compiled/out/cljs_deps.js
notifying browser that file changed:  /tgen/scene.js
notifying browser that file changed:  /tgen/core.js
[0mCompiling "resources/public/js/compiled/tgen.js" from ["src"]...
[32mSuccessfully compiled "resources/public/js/compiled/tgen.js" in 0.118 seconds.[0m
notifying browser that file changed:  /tgen/scene.js
notifying browser that file changed:  /tgen/core.js
[0mCompiling "resources/public/js/compiled/tgen.js" from ["src"]...
[32mSuccessfully compiled "resources/public/js/compiled/tgen.js" in 0.125 seconds.[0m
notifying browser that file changed:  /tgen/scene.js
notifying browser that file changed:  /tgen/core.js
[0mCompiling "resources/public/js/compiled/tgen.js" from ["src"]...
[32mSuccessfully compiled "resources/public/js/compiled/tgen.js" in 0.119 seconds.[0m
notifying browser that file changed:  /tgen/scene.js
notifying browser that file changed:  /tgen/core.js
[0mCompiling "resources/public/js/compiled/tgen.js" from ["src"]...
[32mSuccessfully compiled "resources/public/js/compiled/tgen.js" in 0.105 seconds.[0m
notifying browser that file changed:  /tgen/scene.js
notifying browser that file changed:  /tgen/core.js
[0mCompiling "resources/public/js/compiled/tgen.js" from ["src"]...
[32mSuccessfully compiled "resources/public/js/compiled/tgen.js" in 0.11 seconds.[0m
notifying browser that file changed:  /tgen/scene.js
notifying browser that file changed:  /tgen/core.js
[0mCompiling "resources/public/js/compiled/tgen.js" from ["src"]...
[32mSuccessfully compiled "resources/public/js/compiled/tgen.js" in 0.108 seconds.[0m
notifying browser that file changed:  /tgen/scene.js
notifying browser that file changed:  /tgen/core.js
[0mCompiling "resources/public/js/compiled/tgen.js" from ["src"]...
[32mSuccessfully compiled "resources/public/js/compiled/tgen.js" in 0.117 seconds.[0m
notifying browser that file changed:  /tgen/scene.js
notifying browser that file changed:  /tgen/core.js
[0mCompiling "resources/public/js/compiled/tgen.js" from ["src"]...
[32mSuccessfully compiled "resources/public/js/compiled/tgen.js" in 0.109 seconds.[0m
notifying browser that file changed:  /tgen/scene.js
notifying browser that file changed:  /tgen/core.js
[0mCompiling "resources/public/js/compiled/tgen.js" from ["src"]...
[32mSuccessfully compiled "resources/public/js/compiled/tgen.js" in 0.113 seconds.[0m
notifying browser that file changed:  /tgen/scene.js
notifying browser that file changed:  /tgen/core.js
[0mCompiling "resources/public/js/compiled/tgen.js" from ["src"]...
WARNING: Use of undeclared Var tgen.scene/setPosition at line 18 src/tgen/scene.cljs
WARNING: Use of undeclared Var tgen.scene/setPosition at line 18 src/tgen/scene.cljs
WARNING: Use of undeclared Var tgen.scene/setPosition at line 19 src/tgen/scene.cljs
WARNING: Use of undeclared Var tgen.scene/setPosition at line 19 src/tgen/scene.cljs
WARNING: Use of undeclared Var tgen.scene/setSize at line 20 src/tgen/scene.cljs
WARNING: Use of undeclared Var tgen.scene/setSize at line 20 src/tgen/scene.cljs
[32mSuccessfully compiled "resources/public/js/compiled/tgen.js" in 0.115 seconds.[0m
notifying browser that file changed:  /tgen/scene.js
notifying browser that file changed:  /tgen/core.js
[0mCompiling "resources/public/js/compiled/tgen.js" from ["src"]...
[31mCompiling "resources/public/js/compiled/tgen.js" failed.[0m
clojure.lang.ExceptionInfo: failed compiling file:src/tgen/scene.cljs
 at clojure.core$ex_info.invoke (core.clj:4593)
    cljs.compiler$compile_file$fn__3059.invoke (compiler.cljc:1146)
    cljs.compiler$compile_file.invoke (compiler.cljc:1109)
    cljs.compiler$compile_root.invoke (compiler.cljc:1181)
    cljs.closure$compile_dir.invoke (closure.clj:385)
    cljs.closure$eval3467$fn__3468.invoke (closure.clj:425)
    cljs.closure$eval3420$fn__3421$G__3411__3428.invoke (closure.clj:331)
    cljs.closure$eval3480$fn__3481.invoke (closure.clj:439)
    cljs.closure$eval3420$fn__3421$G__3411__3428.invoke (closure.clj:331)
    clojurescript_build.core.CompilableSourcePaths/fn (core.clj:20)
    clojure.lang.PersistentVector.reduce (PersistentVector.java:333)
    clojure.core$reduce.invoke (core.clj:6518)
    clojurescript_build.core.CompilableSourcePaths._compile (core.clj:19)
    cljs.closure$build.invoke (closure.clj:1475)
    clojurescript_build.core$build_source_paths_STAR_.invoke (core.clj:160)
    figwheel_sidecar.auto_builder$default_build_options$fn__15596.invoke (auto_builder.clj:78)
    figwheel_sidecar.auto_builder$insert_figwheel_connect_script$fn__15642.invoke (auto_builder.clj:214)
    figwheel_sidecar.auto_builder$warning$fn__15593.invoke (auto_builder.clj:74)
    clojurescript_build.auto$time_build$fn__15389.invoke (auto.clj:55)
    clojurescript_build.auto$after$fn__15395.invoke (auto.clj:64)
    clojurescript_build.auto$after$fn__15395.invoke (auto.clj:64)
    clojurescript_build.auto$after$fn__15395.invoke (auto.clj:64)
    clojurescript_build.auto$error$fn__15398.invoke (auto.clj:71)
    clojurescript_build.auto$before$fn__15392.invoke (auto.clj:60)
    clojurescript_build.auto$make_conditional_builder$fn__15410.invoke (auto.clj:103)
    clojure.core$mapv$fn__6727.invoke (core.clj:6616)
    clojure.lang.PersistentVector.reduce (PersistentVector.java:333)
    clojure.core$reduce.invoke (core.clj:6518)
    clojure.core$mapv.invoke (core.clj:6616)
    clojurescript_build.auto$autobuild_STAR_$fn__15496$state_machine__9142__auto____15497$fn__15502.invoke (auto.clj:186)
[0mCompiling "resources/public/js/compiled/tgen.js" from ["src"]...
[32mSuccessfully compiled "resources/public/js/compiled/tgen.js" in 0.112 seconds.[0m
notifying browser that file changed:  /tgen/scene.js
notifying browser that file changed:  /tgen/core.js
[0mCompiling "resources/public/js/compiled/tgen.js" from ["src"]...
[32mSuccessfully compiled "resources/public/js/compiled/tgen.js" in 0.121 seconds.[0m
notifying browser that file changed:  /tgen/scene.js
notifying browser that file changed:  /tgen/core.js
[0mCompiling "resources/public/js/compiled/tgen.js" from ["src"]...
WARNING: Use of undeclared Var tgen.scene/ambientLight at line 25 src/tgen/scene.cljs
WARNING: Use of undeclared Var tgen.scene/RUNNING at line 31 src/tgen/scene.cljs
WARNING: Use of undeclared Var tgen.scene/cube at line 32 src/tgen/scene.cljs
WARNING: Use of undeclared Var tgen.scene/cube at line 33 src/tgen/scene.cljs
WARNING: Use of undeclared Var tgen.scene/cube at line 34 src/tgen/scene.cljs
WARNING: Use of undeclared Var tgen.scene/cube at line 35 src/tgen/scene.cljs
WARNING: Use of undeclared Var tgen.scene/APP-STATE at line 37 src/tgen/scene.cljs
WARNING: Use of undeclared Var tgen.scene/APP-STATE at line 39 src/tgen/scene.cljs
WARNING: Use of undeclared Var tgen.scene/RUNNING at line 41 src/tgen/scene.cljs
[32mSuccessfully compiled "resources/public/js/compiled/tgen.js" in 0.243 seconds.[0m
notifying browser that file changed:  /tgen/scene.js
notifying browser that file changed:  /tgen/core.js
[0mCompiling "resources/public/js/compiled/tgen.js" from ["src"]...
WARNING: Use of undeclared Var tgen.scene/ambientLight at line 29 src/tgen/scene.cljs
WARNING: Use of undeclared Var tgen.scene/RUNNING at line 35 src/tgen/scene.cljs
WARNING: Use of undeclared Var tgen.scene/APP-STATE at line 41 src/tgen/scene.cljs
WARNING: Use of undeclared Var tgen.scene/APP-STATE at line 43 src/tgen/scene.cljs
WARNING: Use of undeclared Var tgen.scene/RUNNING at line 45 src/tgen/scene.cljs
[32mSuccessfully compiled "resources/public/js/compiled/tgen.js" in 0.216 seconds.[0m
notifying browser that file changed:  /tgen/scene.js
notifying browser that file changed:  /tgen/core.js
[0mCompiling "resources/public/js/compiled/tgen.js" from ["src"]...
WARNING: Use of undeclared Var tgen.scene/ambientLight at line 31 src/tgen/scene.cljs
WARNING: Use of undeclared Var tgen.scene/APP-STATE at line 43 src/tgen/scene.cljs
WARNING: Use of undeclared Var tgen.scene/APP-STATE at line 45 src/tgen/scene.cljs
[32mSuccessfully compiled "resources/public/js/compiled/tgen.js" in 0.187 seconds.[0m
notifying browser that file changed:  /tgen/scene.js
notifying browser that file changed:  /tgen/core.js
[0mCompiling "resources/public/js/compiled/tgen.js" from ["src"]...
WARNING: Use of undeclared Var tgen.scene/ambientLight at line 34 src/tgen/scene.cljs
[32mSuccessfully compiled "resources/public/js/compiled/tgen.js" in 0.121 seconds.[0m
notifying browser that file changed:  /tgen/scene.js
notifying browser that file changed:  /tgen/core.js
[0mCompiling "resources/public/js/compiled/tgen.js" from ["src"]...
WARNING: Use of undeclared Var tgen.scene/ambientLight at line 34 src/tgen/scene.cljs
[32mSuccessfully compiled "resources/public/js/compiled/tgen.js" in 0.118 seconds.[0m
notifying browser that file changed:  /tgen/scene.js
notifying browser that file changed:  /tgen/core.js
[0mCompiling "resources/public/js/compiled/tgen.js" from ["src"]...
[32mSuccessfully compiled "resources/public/js/compiled/tgen.js" in 0.147 seconds.[0m
notifying browser that file changed:  /tgen/scene.js
notifying browser that file changed:  /tgen/core.js
[0mCompiling "resources/public/js/compiled/tgen.js" from ["src"]...
[31mCompiling "resources/public/js/compiled/tgen.js" failed.[0m
clojure.lang.ExceptionInfo: :refer must be followed by a sequence of symbols in :require / :require-macros; offending spec: [tgen.scene :refer create-scene] at line 1 src/tgen/core.cljs
 at clojure.core$ex_info.invoke (core.clj:4593)
    cljs.analyzer$error.invoke (analyzer.cljc:384)
    cljs.analyzer$error.invoke (analyzer.cljc:382)
    cljs.analyzer$parse_require_spec.invoke (analyzer.cljc:1389)
    clojure.lang.AFn.applyToHelper (AFn.java:171)
    clojure.lang.AFn.applyTo (AFn.java:144)
    clojure.core$apply.invoke (core.clj:636)
    clojure.core$partial$fn__4533.doInvoke (core.clj:2512)
    clojure.lang.RestFn.invoke (RestFn.java:408)
    clojure.core$map$fn__4553.invoke (core.clj:2624)
    clojure.lang.LazySeq.sval (LazySeq.java:40)
    clojure.lang.LazySeq.seq (LazySeq.java:49)
    clojure.lang.Cons.next (Cons.java:39)
    clojure.lang.RT.next (RT.java:674)
    clojure.core/next (core.clj:64)
    clojure.core$reduce1.invoke (core.clj:909)
    clojure.core$reduce1.invoke (core.clj:900)
    clojure.core$merge_with.doInvoke (core.clj:2936)
    clojure.lang.RestFn.applyTo (RestFn.java:139)
    clojure.core$apply.invoke (core.clj:634)
    cljs.analyzer$eval1872$fn__1874$fn__1878.invoke (analyzer.cljc:1540)
    clojure.core.protocols/fn (protocols.clj:167)
    clojure.core.protocols$fn__6478$G__6473__6487.invoke (protocols.clj:19)
    clojure.core.protocols$seq_reduce.invoke (protocols.clj:31)
    clojure.core.protocols/fn (protocols.clj:101)
    clojure.core.protocols$fn__6452$G__6447__6465.invoke (protocols.clj:13)
    clojure.core$reduce.invoke (core.clj:6519)
    cljs.analyzer$eval1872$fn__1874.invoke (analyzer.cljc:1523)
    clojure.lang.MultiFn.invoke (MultiFn.java:251)
    cljs.analyzer$analyze_seq.invoke (analyzer.cljc:1900)
[0mCompiling "resources/public/js/compiled/tgen.js" from ["src"]...
[32mSuccessfully compiled "resources/public/js/compiled/tgen.js" in 0.129 seconds.[0m
notifying browser that file changed:  resources/public/js/compiled/out/cljs_deps.js
notifying browser that file changed:  /tgen/core.js
[0mCompiling "resources/public/js/compiled/tgen.js" from ["src"]...
WARNING: Use of undeclared Var tgen.scene/APP-STATE at line 46 src/tgen/scene.cljs
WARNING: Use of undeclared Var tgen.scene/APP-STATE at line 48 src/tgen/scene.cljs
[32mSuccessfully compiled "resources/public/js/compiled/tgen.js" in 0.135 seconds.[0m
notifying browser that file changed:  resources/public/js/compiled/out/cljs_deps.js
notifying browser that file changed:  /tgen/scene.js
notifying browser that file changed:  /tgen/core.js
[0mCompiling "resources/public/js/compiled/tgen.js" from ["src"]...
WARNING: Use of undeclared Var tgen.scene/APP-STATE at line 47 src/tgen/scene.cljs
[32mSuccessfully compiled "resources/public/js/compiled/tgen.js" in 0.116 seconds.[0m
notifying browser that file changed:  /tgen/scene.js
notifying browser that file changed:  /tgen/core.js
[0mCompiling "resources/public/js/compiled/tgen.js" from ["src"]...
[32mSuccessfully compiled "resources/public/js/compiled/tgen.js" in 0.103 seconds.[0m
notifying browser that file changed:  /tgen/scene.js
notifying browser that file changed:  /tgen/core.js
[0mCompiling "resources/public/js/compiled/tgen.js" from ["src"]...
[32mSuccessfully compiled "resources/public/js/compiled/tgen.js" in 0.141 seconds.[0m
notifying browser that file changed:  /tgen/core.js
[0mCompiling "resources/public/js/compiled/tgen.js" from ["src"]...
[32mSuccessfully compiled "resources/public/js/compiled/tgen.js" in 0.076 seconds.[0m
notifying browser that file changed:  /tgen/core.js
[0mCompiling "resources/public/js/compiled/tgen.js" from ["src"]...
[32mSuccessfully compiled "resources/public/js/compiled/tgen.js" in 0.095 seconds.[0m
notifying browser that file changed:  resources/public/js/compiled/out/cljs_deps.js
notifying browser that file changed:  /tgen/scene.js
notifying browser that file changed:  /tgen/core.js
[0mCompiling "resources/public/js/compiled/tgen.js" from ["src"]...
[32mSuccessfully compiled "resources/public/js/compiled/tgen.js" in 0.092 seconds.[0m
notifying browser that file changed:  /tgen/scene.js
notifying browser that file changed:  /tgen/core.js
[0mCompiling "resources/public/js/compiled/tgen.js" from ["src"]...
[31mCompiling "resources/public/js/compiled/tgen.js" failed.[0m
clojure.lang.ExceptionInfo: failed compiling file:src/tgen/scene.cljs
 at clojure.core$ex_info.invoke (core.clj:4593)
    cljs.compiler$compile_file$fn__3059.invoke (compiler.cljc:1146)
    cljs.compiler$compile_file.invoke (compiler.cljc:1109)
    cljs.compiler$compile_root.invoke (compiler.cljc:1181)
    cljs.closure$compile_dir.invoke (closure.clj:385)
    cljs.closure$eval3467$fn__3468.invoke (closure.clj:425)
    cljs.closure$eval3420$fn__3421$G__3411__3428.invoke (closure.clj:331)
    cljs.closure$eval3480$fn__3481.invoke (closure.clj:439)
    cljs.closure$eval3420$fn__3421$G__3411__3428.invoke (closure.clj:331)
    clojurescript_build.core.CompilableSourcePaths/fn (core.clj:20)
    clojure.lang.PersistentVector.reduce (PersistentVector.java:333)
    clojure.core$reduce.invoke (core.clj:6518)
    clojurescript_build.core.CompilableSourcePaths._compile (core.clj:19)
    cljs.closure$build.invoke (closure.clj:1475)
    clojurescript_build.core$build_source_paths_STAR_.invoke (core.clj:160)
    figwheel_sidecar.auto_builder$default_build_options$fn__15596.invoke (auto_builder.clj:78)
    figwheel_sidecar.auto_builder$insert_figwheel_connect_script$fn__15642.invoke (auto_builder.clj:214)
    figwheel_sidecar.auto_builder$warning$fn__15593.invoke (auto_builder.clj:74)
    clojurescript_build.auto$time_build$fn__15389.invoke (auto.clj:55)
    clojurescript_build.auto$after$fn__15395.invoke (auto.clj:64)
    clojurescript_build.auto$after$fn__15395.invoke (auto.clj:64)
    clojurescript_build.auto$after$fn__15395.invoke (auto.clj:64)
    clojurescript_build.auto$error$fn__15398.invoke (auto.clj:71)
    clojurescript_build.auto$before$fn__15392.invoke (auto.clj:60)
    clojurescript_build.auto$make_conditional_builder$fn__15410.invoke (auto.clj:103)
    clojure.core$mapv$fn__6727.invoke (core.clj:6616)
    clojure.lang.PersistentVector.reduce (PersistentVector.java:333)
    clojure.core$reduce.invoke (core.clj:6518)
    clojure.core$mapv.invoke (core.clj:6616)
    clojurescript_build.auto$autobuild_STAR_$fn__15496$state_machine__9142__auto____15497$fn__15502.invoke (auto.clj:186)
[0mCompiling "resources/public/js/compiled/tgen.js" from ["src"]...
[32mSuccessfully compiled "resources/public/js/compiled/tgen.js" in 0.094 seconds.[0m
notifying browser that file changed:  /tgen/scene.js
notifying browser that file changed:  /tgen/core.js
[0mCompiling "resources/public/js/compiled/tgen.js" from ["src"]...
[32mSuccessfully compiled "resources/public/js/compiled/tgen.js" in 0.088 seconds.[0m
notifying browser that file changed:  /tgen/scene.js
notifying browser that file changed:  /tgen/core.js
[0mCompiling "resources/public/js/compiled/tgen.js" from ["src"]...
[32mSuccessfully compiled "resources/public/js/compiled/tgen.js" in 0.09 seconds.[0m
notifying browser that file changed:  /tgen/scene.js
notifying browser that file changed:  /tgen/core.js
[0mCompiling "resources/public/js/compiled/tgen.js" from ["src"]...
[32mSuccessfully compiled "resources/public/js/compiled/tgen.js" in 0.091 seconds.[0m
notifying browser that file changed:  /tgen/scene.js
notifying browser that file changed:  /tgen/core.js
[0mCompiling "resources/public/js/compiled/tgen.js" from ["src"]...
[32mSuccessfully compiled "resources/public/js/compiled/tgen.js" in 0.092 seconds.[0m
notifying browser that file changed:  /tgen/scene.js
notifying browser that file changed:  /tgen/core.js
[0mCompiling "resources/public/js/compiled/tgen.js" from ["src"]...
[32mSuccessfully compiled "resources/public/js/compiled/tgen.js" in 0.088 seconds.[0m
notifying browser that file changed:  /tgen/scene.js
notifying browser that file changed:  /tgen/core.js
[0mCompiling "resources/public/js/compiled/tgen.js" from ["src"]...
[32mSuccessfully compiled "resources/public/js/compiled/tgen.js" in 0.102 seconds.[0m
notifying browser that file changed:  /tgen/scene.js
notifying browser that file changed:  /tgen/core.js
[0mCompiling "resources/public/js/compiled/tgen.js" from ["src"]...
[32mSuccessfully compiled "resources/public/js/compiled/tgen.js" in 0.091 seconds.[0m
notifying browser that file changed:  /tgen/scene.js
notifying browser that file changed:  /tgen/core.js
[0mCompiling "resources/public/js/compiled/tgen.js" from ["src"]...
[32mSuccessfully compiled "resources/public/js/compiled/tgen.js" in 0.092 seconds.[0m
notifying browser that file changed:  /tgen/scene.js
notifying browser that file changed:  /tgen/core.js
[0mCompiling "resources/public/js/compiled/tgen.js" from ["src"]...
[32mSuccessfully compiled "resources/public/js/compiled/tgen.js" in 0.094 seconds.[0m
notifying browser that file changed:  /tgen/scene.js
notifying browser that file changed:  /tgen/core.js
[0mCompiling "resources/public/js/compiled/tgen.js" from ["src"]...
[32mSuccessfully compiled "resources/public/js/compiled/tgen.js" in 0.101 seconds.[0m
notifying browser that file changed:  /tgen/scene.js
notifying browser that file changed:  /tgen/core.js
[0mCompiling "resources/public/js/compiled/tgen.js" from ["src"]...
[32mSuccessfully compiled "resources/public/js/compiled/tgen.js" in 0.092 seconds.[0m
notifying browser that file changed:  /tgen/scene.js
notifying browser that file changed:  /tgen/core.js
[0mCompiling "resources/public/js/compiled/tgen.js" from ["src"]...
[31mCompiling "resources/public/js/compiled/tgen.js" failed.[0m
clojure.lang.ExceptionInfo: failed compiling file:src/tgen/scene.cljs
 at clojure.core$ex_info.invoke (core.clj:4593)
    cljs.compiler$compile_file$fn__3059.invoke (compiler.cljc:1146)
    cljs.compiler$compile_file.invoke (compiler.cljc:1109)
    cljs.compiler$compile_root.invoke (compiler.cljc:1181)
    cljs.closure$compile_dir.invoke (closure.clj:385)
    cljs.closure$eval3467$fn__3468.invoke (closure.clj:425)
    cljs.closure$eval3420$fn__3421$G__3411__3428.invoke (closure.clj:331)
    cljs.closure$eval3480$fn__3481.invoke (closure.clj:439)
    cljs.closure$eval3420$fn__3421$G__3411__3428.invoke (closure.clj:331)
    clojurescript_build.core.CompilableSourcePaths/fn (core.clj:20)
    clojure.lang.PersistentVector.reduce (PersistentVector.java:333)
    clojure.core$reduce.invoke (core.clj:6518)
    clojurescript_build.core.CompilableSourcePaths._compile (core.clj:19)
    cljs.closure$build.invoke (closure.clj:1475)
    clojurescript_build.core$build_source_paths_STAR_.invoke (core.clj:160)
    figwheel_sidecar.auto_builder$default_build_options$fn__15596.invoke (auto_builder.clj:78)
    figwheel_sidecar.auto_builder$insert_figwheel_connect_script$fn__15642.invoke (auto_builder.clj:214)
    figwheel_sidecar.auto_builder$warning$fn__15593.invoke (auto_builder.clj:74)
    clojurescript_build.auto$time_build$fn__15389.invoke (auto.clj:55)
    clojurescript_build.auto$after$fn__15395.invoke (auto.clj:64)
    clojurescript_build.auto$after$fn__15395.invoke (auto.clj:64)
    clojurescript_build.auto$after$fn__15395.invoke (auto.clj:64)
    clojurescript_build.auto$error$fn__15398.invoke (auto.clj:71)
    clojurescript_build.auto$before$fn__15392.invoke (auto.clj:60)
    clojurescript_build.auto$make_conditional_builder$fn__15410.invoke (auto.clj:103)
    clojure.core$mapv$fn__6727.invoke (core.clj:6616)
    clojure.lang.PersistentVector.reduce (PersistentVector.java:333)
    clojure.core$reduce.invoke (core.clj:6518)
    clojure.core$mapv.invoke (core.clj:6616)
    clojurescript_build.auto$autobuild_STAR_$fn__15496$state_machine__9142__auto____15497$fn__15502.invoke (auto.clj:186)
[0mCompiling "resources/public/js/compiled/tgen.js" from ["src"]...
[31mCompiling "resources/public/js/compiled/tgen.js" failed.[0m
clojure.lang.ExceptionInfo: failed compiling file:src/tgen/scene.cljs
 at clojure.core$ex_info.invoke (core.clj:4593)
    cljs.compiler$compile_file$fn__3059.invoke (compiler.cljc:1146)
    cljs.compiler$compile_file.invoke (compiler.cljc:1109)
    cljs.compiler$compile_root.invoke (compiler.cljc:1181)
    cljs.closure$compile_dir.invoke (closure.clj:385)
    cljs.closure$eval3467$fn__3468.invoke (closure.clj:425)
    cljs.closure$eval3420$fn__3421$G__3411__3428.invoke (closure.clj:331)
    cljs.closure$eval3480$fn__3481.invoke (closure.clj:439)
    cljs.closure$eval3420$fn__3421$G__3411__3428.invoke (closure.clj:331)
    clojurescript_build.core.CompilableSourcePaths/fn (core.clj:20)
    clojure.lang.PersistentVector.reduce (PersistentVector.java:333)
    clojure.core$reduce.invoke (core.clj:6518)
    clojurescript_build.core.CompilableSourcePaths._compile (core.clj:19)
    cljs.closure$build.invoke (closure.clj:1475)
    clojurescript_build.core$build_source_paths_STAR_.invoke (core.clj:160)
    figwheel_sidecar.auto_builder$default_build_options$fn__15596.invoke (auto_builder.clj:78)
    figwheel_sidecar.auto_builder$insert_figwheel_connect_script$fn__15642.invoke (auto_builder.clj:214)
    figwheel_sidecar.auto_builder$warning$fn__15593.invoke (auto_builder.clj:74)
    clojurescript_build.auto$time_build$fn__15389.invoke (auto.clj:55)
    clojurescript_build.auto$after$fn__15395.invoke (auto.clj:64)
    clojurescript_build.auto$after$fn__15395.invoke (auto.clj:64)
    clojurescript_build.auto$after$fn__15395.invoke (auto.clj:64)
    clojurescript_build.auto$error$fn__15398.invoke (auto.clj:71)
    clojurescript_build.auto$before$fn__15392.invoke (auto.clj:60)
    clojurescript_build.auto$make_conditional_builder$fn__15410.invoke (auto.clj:103)
    clojure.core$mapv$fn__6727.invoke (core.clj:6616)
    clojure.lang.PersistentVector.reduce (PersistentVector.java:333)
    clojure.core$reduce.invoke (core.clj:6518)
    clojure.core$mapv.invoke (core.clj:6616)
    clojurescript_build.auto$autobuild_STAR_$fn__15496$state_machine__9142__auto____15497$fn__15502.invoke (auto.clj:186)
[0mCompiling "resources/public/js/compiled/tgen.js" from ["src"]...
[32mSuccessfully compiled "resources/public/js/compiled/tgen.js" in 0.102 seconds.[0m
notifying browser that file changed:  /tgen/scene.js
notifying browser that file changed:  /tgen/core.js
[0mCompiling "resources/public/js/compiled/tgen.js" from ["src"]...
[32mSuccessfully compiled "resources/public/js/compiled/tgen.js" in 0.095 seconds.[0m
notifying browser that file changed:  /tgen/scene.js
notifying browser that file changed:  /tgen/core.js
[0mCompiling "resources/public/js/compiled/tgen.js" from ["src"]...
[32mSuccessfully compiled "resources/public/js/compiled/tgen.js" in 0.104 seconds.[0m
notifying browser that file changed:  /tgen/scene.js
notifying browser that file changed:  /tgen/core.js
[0mCompiling "resources/public/js/compiled/tgen.js" from ["src"]...
[32mSuccessfully compiled "resources/public/js/compiled/tgen.js" in 0.098 seconds.[0m
notifying browser that file changed:  /tgen/scene.js
notifying browser that file changed:  /tgen/core.js
[0mCompiling "resources/public/js/compiled/tgen.js" from ["src"]...
[32mSuccessfully compiled "resources/public/js/compiled/tgen.js" in 0.106 seconds.[0m
notifying browser that file changed:  /tgen/scene.js
notifying browser that file changed:  /tgen/core.js
[0mCompiling "resources/public/js/compiled/tgen.js" from ["src"]...
[32mSuccessfully compiled "resources/public/js/compiled/tgen.js" in 0.112 seconds.[0m
notifying browser that file changed:  /tgen/scene.js
notifying browser that file changed:  /tgen/core.js
[0mCompiling "resources/public/js/compiled/tgen.js" from ["src"]...
[32mSuccessfully compiled "resources/public/js/compiled/tgen.js" in 0.105 seconds.[0m
notifying browser that file changed:  /tgen/scene.js
notifying browser that file changed:  /tgen/core.js
[0mCompiling "resources/public/js/compiled/tgen.js" from ["src"]...
[32mSuccessfully compiled "resources/public/js/compiled/tgen.js" in 0.113 seconds.[0m
notifying browser that file changed:  /tgen/scene.js
notifying browser that file changed:  /tgen/core.js
[0mCompiling "resources/public/js/compiled/tgen.js" from ["src"]...
[32mSuccessfully compiled "resources/public/js/compiled/tgen.js" in 0.15 seconds.[0m
notifying browser that file changed:  /tgen/scene.js
notifying browser that file changed:  /tgen/core.js
[0mCompiling "resources/public/js/compiled/tgen.js" from ["src"]...
WARNING: Use of undeclared Var tgen.core/renderer at line 21 src/tgen/core.cljs
[32mSuccessfully compiled "resources/public/js/compiled/tgen.js" in 0.099 seconds.[0m
notifying browser that file changed:  /tgen/core.js
[0mCompiling "resources/public/js/compiled/tgen.js" from ["src"]...
WARNING: Use of undeclared Var tgen.core/stop at line 21 src/tgen/core.cljs
WARNING: Use of undeclared Var tgen.core/renderer at line 22 src/tgen/core.cljs
[32mSuccessfully compiled "resources/public/js/compiled/tgen.js" in 0.093 seconds.[0m
notifying browser that file changed:  /tgen/core.js
[0mCompiling "resources/public/js/compiled/tgen.js" from ["src"]...
WARNING: Use of undeclared Var tgen.core/stop at line 21 src/tgen/core.cljs
WARNING: Use of undeclared Var tgen.core/renderer at line 22 src/tgen/core.cljs
[32mSuccessfully compiled "resources/public/js/compiled/tgen.js" in 0.098 seconds.[0m
notifying browser that file changed:  resources/public/js/compiled/out/cljs_deps.js
notifying browser that file changed:  /tgen/core.js
[0mCompiling "resources/public/js/compiled/tgen.js" from ["src"]...
[32mSuccessfully compiled "resources/public/js/compiled/tgen.js" in 0.119 seconds.[0m
notifying browser that file changed:  resources/public/js/compiled/out/cljs_deps.js
notifying browser that file changed:  /tgen/scene.js
notifying browser that file changed:  /tgen/core.js
[0mCompiling "resources/public/js/compiled/tgen.js" from ["src"]...
WARNING: Use of undeclared Var tgen.core/stop at line 21 src/tgen/core.cljs
WARNING: Use of undeclared Var tgen.core/renderer at line 22 src/tgen/core.cljs
[31mCompiling "resources/public/js/compiled/tgen.js" failed.[0m
ERROR: Unmatched delimiter ) on file /home/jstaab/Programming/heightmap/cljs/src/tgen/core.cljs, line 23, column 46
[0mCompiling "resources/public/js/compiled/tgen.js" from ["src"]...
[32mSuccessfully compiled "resources/public/js/compiled/tgen.js" in 0.083 seconds.[0m
notifying browser that file changed:  /tgen/core.js
[0mCompiling "resources/public/js/compiled/tgen.js" from ["src"]...
[32mSuccessfully compiled "resources/public/js/compiled/tgen.js" in 0.082 seconds.[0m
notifying browser that file changed:  /tgen/core.js
[0mCompiling "resources/public/js/compiled/tgen.js" from ["src"]...
[32mSuccessfully compiled "resources/public/js/compiled/tgen.js" in 0.087 seconds.[0m
notifying browser that file changed:  /tgen/core.js
[0mCompiling "resources/public/js/compiled/tgen.js" from ["src"]...
[32mSuccessfully compiled "resources/public/js/compiled/tgen.js" in 0.095 seconds.[0m
notifying browser that file changed:  /tgen/core.js
[0mCompiling "resources/public/js/compiled/tgen.js" from ["src"]...
[32mSuccessfully compiled "resources/public/js/compiled/tgen.js" in 0.107 seconds.[0m
notifying browser that file changed:  resources/public/js/compiled/out/cljs_deps.js
notifying browser that file changed:  /tgen/scene.js
notifying browser that file changed:  /tgen/core.js
[0mCompiling "resources/public/js/compiled/tgen.js" from ["src"]...
[32mSuccessfully compiled "resources/public/js/compiled/tgen.js" in 0.115 seconds.[0m
notifying browser that file changed:  resources/public/js/compiled/out/cljs_deps.js
notifying browser that file changed:  /tgen/scene.js
notifying browser that file changed:  /tgen/core.js
[0mCompiling "resources/public/js/compiled/tgen.js" from ["src"]...
[32mSuccessfully compiled "resources/public/js/compiled/tgen.js" in 0.106 seconds.[0m
notifying browser that file changed:  resources/public/js/compiled/out/cljs_deps.js
notifying browser that file changed:  /tgen/scene.js
notifying browser that file changed:  /tgen/core.js
[0mCompiling "resources/public/js/compiled/tgen.js" from ["src"]...
WARNING: No such namespace: clojure.pprint, could not locate clojure/pprint.cljs, clojure/pprint.cljc, or Closure namespace "" at line 36 src/tgen/scene.cljs
WARNING: Use of undeclared Var clojure.pprint/pprint at line 36 src/tgen/scene.cljs
[32mSuccessfully compiled "resources/public/js/compiled/tgen.js" in 0.145 seconds.[0m
notifying browser that file changed:  /tgen/scene.js
notifying browser that file changed:  /tgen/core.js
[0mCompiling "resources/public/js/compiled/tgen.js" from ["src"]...
[32mSuccessfully compiled "resources/public/js/compiled/tgen.js" in 0.107 seconds.[0m
notifying browser that file changed:  resources/public/js/compiled/out/cljs_deps.js
notifying browser that file changed:  /tgen/scene.js
notifying browser that file changed:  /tgen/core.js
[0mCompiling "resources/public/js/compiled/tgen.js" from ["src"]...
[32mSuccessfully compiled "resources/public/js/compiled/tgen.js" in 0.09 seconds.[0m
notifying browser that file changed:  resources/public/js/compiled/out/cljs_deps.js
notifying browser that file changed:  /tgen/core.js
[0mCompiling "resources/public/js/compiled/tgen.js" from ["src"]...
[32mSuccessfully compiled "resources/public/js/compiled/tgen.js" in 0.097 seconds.[0m
notifying browser that file changed:  resources/public/js/compiled/out/cljs_deps.js
notifying browser that file changed:  /tgen/core.js
[0mCompiling "resources/public/js/compiled/tgen.js" from ["src"]...
[32mSuccessfully compiled "resources/public/js/compiled/tgen.js" in 0.087 seconds.[0m
notifying browser that file changed:  /tgen/core.js
[0mCompiling "resources/public/js/compiled/tgen.js" from ["src"]...
[32mSuccessfully compiled "resources/public/js/compiled/tgen.js" in 0.09 seconds.[0m
notifying browser that file changed:  /tgen/core.js
[0mCompiling "resources/public/js/compiled/tgen.js" from ["src"]...
[32mSuccessfully compiled "resources/public/js/compiled/tgen.js" in 0.091 seconds.[0m
notifying browser that file changed:  resources/public/js/compiled/out/cljs_deps.js
notifying browser that file changed:  /tgen/core.js
[0mCompiling "resources/public/js/compiled/tgen.js" from ["src"]...
[32mSuccessfully compiled "resources/public/js/compiled/tgen.js" in 0.097 seconds.[0m
notifying browser that file changed:  /tgen/core.js
[0mCompiling "resources/public/js/compiled/tgen.js" from ["src"]...
[32mSuccessfully compiled "resources/public/js/compiled/tgen.js" in 0.087 seconds.[0m
notifying browser that file changed:  resources/public/js/compiled/out/cljs_deps.js
notifying browser that file changed:  /tgen/core.js
[0mCompiling "resources/public/js/compiled/tgen.js" from ["src"]...
[32mSuccessfully compiled "resources/public/js/compiled/tgen.js" in 0.116 seconds.[0m
notifying browser that file changed:  resources/public/js/compiled/out/cljs_deps.js
notifying browser that file changed:  /tgen/scene.js
notifying browser that file changed:  /tgen/core.js
[0mCompiling "resources/public/js/compiled/tgen.js" from ["src"]...
[32mSuccessfully compiled "resources/public/js/compiled/tgen.js" in 0.121 seconds.[0m
notifying browser that file changed:  resources/public/js/compiled/out/cljs_deps.js
notifying browser that file changed:  /tgen/scene.js
notifying browser that file changed:  /tgen/core.js
[0mCompiling "resources/public/js/compiled/tgen.js" from ["src"]...
[32mSuccessfully compiled "resources/public/js/compiled/tgen.js" in 0.115 seconds.[0m
notifying browser that file changed:  /tgen/scene.js
notifying browser that file changed:  /tgen/core.js
[0mCompiling "resources/public/js/compiled/tgen.js" from ["src"]...
[32mSuccessfully compiled "resources/public/js/compiled/tgen.js" in 0.103 seconds.[0m
notifying browser that file changed:  resources/public/js/compiled/out/cljs_deps.js
notifying browser that file changed:  /tgen/core.js
[0mCompiling "resources/public/js/compiled/tgen.js" from ["src"]...
[32mSuccessfully compiled "resources/public/js/compiled/tgen.js" in 0.095 seconds.[0m
notifying browser that file changed:  /tgen/core.js
[0mCompiling "resources/public/js/compiled/tgen.js" from ["src"]...
[31mCompiling "resources/public/js/compiled/tgen.js" failed.[0m
ERROR: EOF while reading, starting at line 13 and column 1 on file /home/jstaab/Programming/heightmap/cljs/src/tgen/core.cljs, line 117, column 1
[0mCompiling "resources/public/js/compiled/tgen.js" from ["src"]...
[32mSuccessfully compiled "resources/public/js/compiled/tgen.js" in 0.078 seconds.[0m
notifying browser that file changed:  /tgen/core.js
[0mCompiling "resources/public/js/compiled/tgen.js" from ["src"]...
[32mSuccessfully compiled "resources/public/js/compiled/tgen.js" in 0.088 seconds.[0m
notifying browser that file changed:  resources/public/js/compiled/out/cljs_deps.js
notifying browser that file changed:  /tgen/core.js
[0mCompiling "resources/public/js/compiled/tgen.js" from ["src"]...
[32mSuccessfully compiled "resources/public/js/compiled/tgen.js" in 0.088 seconds.[0m
notifying browser that file changed:  resources/public/js/compiled/out/cljs_deps.js
notifying browser that file changed:  /tgen/core.js
[0mCompiling "resources/public/js/compiled/tgen.js" from ["src"]...
[32mSuccessfully compiled "resources/public/js/compiled/tgen.js" in 0.086 seconds.[0m
notifying browser that file changed:  /tgen/core.js
[0mCompiling "resources/public/js/compiled/tgen.js" from ["src"]...
[32mSuccessfully compiled "resources/public/js/compiled/tgen.js" in 0.086 seconds.[0m
notifying browser that file changed:  /tgen/core.js
[0mCompiling "resources/public/js/compiled/tgen.js" from ["src"]...
[32mSuccessfully compiled "resources/public/js/compiled/tgen.js" in 0.084 seconds.[0m
notifying browser that file changed:  /tgen/core.js
[0mCompiling "resources/public/js/compiled/tgen.js" from ["src"]...
[32mSuccessfully compiled "resources/public/js/compiled/tgen.js" in 0.086 seconds.[0m
notifying browser that file changed:  /tgen/core.js
[0mCompiling "resources/public/js/compiled/tgen.js" from ["src"]...
[32mSuccessfully compiled "resources/public/js/compiled/tgen.js" in 0.094 seconds.[0m
notifying browser that file changed:  /tgen/core.js
[0mCompiling "resources/public/js/compiled/tgen.js" from ["src"]...
[32mSuccessfully compiled "resources/public/js/compiled/tgen.js" in 0.089 seconds.[0m
notifying browser that file changed:  /tgen/core.js
[0mCompiling "resources/public/js/compiled/tgen.js" from ["src"]...
[32mSuccessfully compiled "resources/public/js/compiled/tgen.js" in 0.086 seconds.[0m
notifying browser that file changed:  /tgen/core.js
[0mCompiling "resources/public/js/compiled/tgen.js" from ["src"]...
[32mSuccessfully compiled "resources/public/js/compiled/tgen.js" in 0.143 seconds.[0m
notifying browser that file changed:  /tgen/core.js
[0mCompiling "resources/public/js/compiled/tgen.js" from ["src"]...
[32mSuccessfully compiled "resources/public/js/compiled/tgen.js" in 0.086 seconds.[0m
notifying browser that file changed:  /tgen/core.js
[0mCompiling "resources/public/js/compiled/tgen.js" from ["src"]...
WARNING: Use of undeclared Var tgen.core/APP-STATE at line 16 src/tgen/core.cljs
[32mSuccessfully compiled "resources/public/js/compiled/tgen.js" in 0.124 seconds.[0m
notifying browser that file changed:  /tgen/core.js
[0mCompiling "resources/public/js/compiled/tgen.js" from ["src"]...
WARNING: Use of undeclared Var tgen.core/APP-STATE at line 16 src/tgen/core.cljs
[32mSuccessfully compiled "resources/public/js/compiled/tgen.js" in 0.124 seconds.[0m
notifying browser that file changed:  /tgen/core.js
[0mCompiling "resources/public/js/compiled/tgen.js" from ["src"]...
WARNING: Use of undeclared Var tgen.core/APP-STATE at line 16 src/tgen/core.cljs
[32mSuccessfully compiled "resources/public/js/compiled/tgen.js" in 0.123 seconds.[0m
notifying browser that file changed:  /tgen/core.js
[0mCompiling "resources/public/js/compiled/tgen.js" from ["src"]...
WARNING: Use of undeclared Var tgen.core/APP-STATE at line 18 src/tgen/core.cljs
WARNING: Use of undeclared Var tgen.core/APP-STATE at line 35 src/tgen/core.cljs
[32mSuccessfully compiled "resources/public/js/compiled/tgen.js" in 0.13 seconds.[0m
notifying browser that file changed:  /tgen/core.js
[0mCompiling "resources/public/js/compiled/tgen.js" from ["src"]...
WARNING: Use of undeclared Var tgen.core/APP-STATE at line 18 src/tgen/core.cljs
WARNING: Use of undeclared Var tgen.core/APP-STATE at line 35 src/tgen/core.cljs
[32mSuccessfully compiled "resources/public/js/compiled/tgen.js" in 0.128 seconds.[0m
notifying browser that file changed:  resources/public/js/compiled/out/cljs_deps.js
notifying browser that file changed:  /tgen/core.js
[0mCompiling "resources/public/js/compiled/tgen.js" from ["src"]...
[32mSuccessfully compiled "resources/public/js/compiled/tgen.js" in 0.093 seconds.[0m
notifying browser that file changed:  resources/public/js/compiled/out/cljs_deps.js
notifying browser that file changed:  /tgen/core.js
[0mCompiling "resources/public/js/compiled/tgen.js" from ["src"]...
[32mSuccessfully compiled "resources/public/js/compiled/tgen.js" in 0.094 seconds.[0m
notifying browser that file changed:  resources/public/js/compiled/out/cljs_deps.js
notifying browser that file changed:  /tgen/core.js
[0mCompiling "resources/public/js/compiled/tgen.js" from ["src"]...
WARNING: Wrong number of args (1) passed to tgen.scene/create-scene at line 21 src/tgen/core.cljs
[32mSuccessfully compiled "resources/public/js/compiled/tgen.js" in 0.124 seconds.[0m
notifying browser that file changed:  resources/public/js/compiled/out/cljs_deps.js
notifying browser that file changed:  /tgen/core.js
[0mCompiling "resources/public/js/compiled/tgen.js" from ["src"]...
[32mSuccessfully compiled "resources/public/js/compiled/tgen.js" in 0.098 seconds.[0m
notifying browser that file changed:  /tgen/core.js
[0mCompiling "resources/public/js/compiled/tgen.js" from ["src"]...
[32mSuccessfully compiled "resources/public/js/compiled/tgen.js" in 0.118 seconds.[0m
notifying browser that file changed:  resources/public/js/compiled/out/cljs_deps.js
notifying browser that file changed:  /tgen/scene.js
notifying browser that file changed:  /tgen/core.js
[0mCompiling "resources/public/js/compiled/tgen.js" from ["src"]...
[32mSuccessfully compiled "resources/public/js/compiled/tgen.js" in 0.105 seconds.[0m
notifying browser that file changed:  /tgen/core.js
[0mCompiling "resources/public/js/compiled/tgen.js" from ["src"]...
[32mSuccessfully compiled "resources/public/js/compiled/tgen.js" in 0.114 seconds.[0m
notifying browser that file changed:  /tgen/core.js
[0mCompiling "resources/public/js/compiled/tgen.js" from ["src"]...
[32mSuccessfully compiled "resources/public/js/compiled/tgen.js" in 0.097 seconds.[0m
notifying browser that file changed:  /tgen/core.js
[0mCompiling "resources/public/js/compiled/tgen.js" from ["src"]...
WARNING: Use of undeclared Var tgen.core/APP-STATE at line 21 src/tgen/core.cljs
[32mSuccessfully compiled "resources/public/js/compiled/tgen.js" in 0.127 seconds.[0m
notifying browser that file changed:  /tgen/core.js
[0mCompiling "resources/public/js/compiled/tgen.js" from ["src"]...
[32mSuccessfully compiled "resources/public/js/compiled/tgen.js" in 0.104 seconds.[0m
notifying browser that file changed:  /tgen/core.js
[0mCompiling "resources/public/js/compiled/tgen.js" from ["src"]...
[32mSuccessfully compiled "resources/public/js/compiled/tgen.js" in 0.106 seconds.[0m
notifying browser that file changed:  /tgen/scene.js
notifying browser that file changed:  /tgen/core.js
[0mCompiling "resources/public/js/compiled/tgen.js" from ["src"]...
[32mSuccessfully compiled "resources/public/js/compiled/tgen.js" in 0.114 seconds.[0m
notifying browser that file changed:  /tgen/scene.js
notifying browser that file changed:  /tgen/core.js
[0mCompiling "resources/public/js/compiled/tgen.js" from ["src"]...
[32mSuccessfully compiled "resources/public/js/compiled/tgen.js" in 0.116 seconds.[0m
notifying browser that file changed:  /tgen/scene.js
notifying browser that file changed:  /tgen/core.js
[0mCompiling "resources/public/js/compiled/tgen.js" from ["src"]...
[32mSuccessfully compiled "resources/public/js/compiled/tgen.js" in 0.112 seconds.[0m
notifying browser that file changed:  resources/public/js/compiled/out/cljs_deps.js
notifying browser that file changed:  /tgen/scene.js
notifying browser that file changed:  /tgen/core.js
[0mCompiling "resources/public/js/compiled/tgen.js" from ["src"]...
WARNING: Use of undeclared Var tgen.scene/cube at line 38 src/tgen/scene.cljs
WARNING: Use of undeclared Var tgen.scene/cube at line 39 src/tgen/scene.cljs
WARNING: Use of undeclared Var tgen.scene/cube at line 40 src/tgen/scene.cljs
WARNING: Use of undeclared Var tgen.scene/cube at line 41 src/tgen/scene.cljs
[32mSuccessfully compiled "resources/public/js/compiled/tgen.js" in 0.178 seconds.[0m
notifying browser that file changed:  resources/public/js/compiled/out/cljs_deps.js
notifying browser that file changed:  /tgen/scene.js
notifying browser that file changed:  /tgen/core.js
[0mCompiling "resources/public/js/compiled/tgen.js" from ["src"]...
WARNING: Use of undeclared Var tgen.scene/cube at line 38 src/tgen/scene.cljs
WARNING: Use of undeclared Var tgen.scene/cube at line 39 src/tgen/scene.cljs
WARNING: Use of undeclared Var tgen.scene/cube at line 40 src/tgen/scene.cljs
WARNING: Use of undeclared Var tgen.scene/cube at line 41 src/tgen/scene.cljs
[32mSuccessfully compiled "resources/public/js/compiled/tgen.js" in 0.152 seconds.[0m
notifying browser that file changed:  /tgen/scene.js
notifying browser that file changed:  /tgen/core.js
[0mCompiling "resources/public/js/compiled/tgen.js" from ["src"]...
[32mSuccessfully compiled "resources/public/js/compiled/tgen.js" in 0.101 seconds.[0m
notifying browser that file changed:  /tgen/core.js
[0mCompiling "resources/public/js/compiled/tgen.js" from ["src"]...
[32mSuccessfully compiled "resources/public/js/compiled/tgen.js" in 0.119 seconds.[0m
notifying browser that file changed:  /tgen/core.js
[0mCompiling "resources/public/js/compiled/tgen.js" from ["src"]...
[32mSuccessfully compiled "resources/public/js/compiled/tgen.js" in 0.121 seconds.[0m
notifying browser that file changed:  resources/public/js/compiled/out/cljs_deps.js
notifying browser that file changed:  /tgen/core.js
[0mCompiling "resources/public/js/compiled/tgen.js" from ["src"]...
[32mSuccessfully compiled "resources/public/js/compiled/tgen.js" in 0.125 seconds.[0m
notifying browser that file changed:  resources/public/js/compiled/out/cljs_deps.js
notifying browser that file changed:  /tgen/scene.js
notifying browser that file changed:  /tgen/core.js
[0mCompiling "resources/public/js/compiled/tgen.js" from ["src"]...
[32mSuccessfully compiled "resources/public/js/compiled/tgen.js" in 0.099 seconds.[0m
notifying browser that file changed:  resources/public/js/compiled/out/cljs_deps.js
notifying browser that file changed:  /tgen/core.js
[0mCompiling "resources/public/js/compiled/tgen.js" from ["src"]...
[32mSuccessfully compiled "resources/public/js/compiled/tgen.js" in 0.103 seconds.[0m
notifying browser that file changed:  /tgen/core.js
[0mCompiling "resources/public/js/compiled/tgen.js" from ["src"]...
[32mSuccessfully compiled "resources/public/js/compiled/tgen.js" in 0.103 seconds.[0m
notifying browser that file changed:  /tgen/core.js
[0mCompiling "resources/public/js/compiled/tgen.js" from ["src"]...
[32mSuccessfully compiled "resources/public/js/compiled/tgen.js" in 0.113 seconds.[0m
notifying browser that file changed:  resources/public/js/compiled/out/cljs_deps.js
notifying browser that file changed:  /tgen/core.js
[0mCompiling "resources/public/js/compiled/tgen.js" from ["src"]...
[32mSuccessfully compiled "resources/public/js/compiled/tgen.js" in 0.105 seconds.[0m
notifying browser that file changed:  /tgen/core.js
[0mCompiling "resources/public/js/compiled/tgen.js" from ["src"]...
[32mSuccessfully compiled "resources/public/js/compiled/tgen.js" in 0.104 seconds.[0m
notifying browser that file changed:  resources/public/js/compiled/out/cljs_deps.js
notifying browser that file changed:  /tgen/core.js
[0mCompiling "resources/public/js/compiled/tgen.js" from ["src"]...
[32mSuccessfully compiled "resources/public/js/compiled/tgen.js" in 0.1 seconds.[0m
notifying browser that file changed:  resources/public/js/compiled/out/cljs_deps.js
notifying browser that file changed:  /tgen/core.js
[0mCompiling "resources/public/js/compiled/tgen.js" from ["src"]...
[32mSuccessfully compiled "resources/public/js/compiled/tgen.js" in 0.103 seconds.[0m
notifying browser that file changed:  /tgen/core.js
[0mCompiling "resources/public/js/compiled/tgen.js" from ["src"]...
WARNING: Use of undeclared Var tgen.core/stats at line 47 src/tgen/core.cljs
[31mCompiling "resources/public/js/compiled/tgen.js" failed.[0m
ERROR: Unmatched delimiter ) on file /home/jstaab/Programming/heightmap/cljs/src/tgen/core.cljs, line 48, column 34
[0mCompiling "resources/public/js/compiled/tgen.js" from ["src"]...
[32mSuccessfully compiled "resources/public/js/compiled/tgen.js" in 0.103 seconds.[0m
notifying browser that file changed:  resources/public/js/compiled/out/cljs_deps.js
notifying browser that file changed:  /tgen/core.js
[0mCompiling "resources/public/js/compiled/tgen.js" from ["src"]...
[32mSuccessfully compiled "resources/public/js/compiled/tgen.js" in 0.099 seconds.[0m
notifying browser that file changed:  /tgen/core.js
[0mCompiling "resources/public/js/compiled/tgen.js" from ["src"]...
[32mSuccessfully compiled "resources/public/js/compiled/tgen.js" in 0.099 seconds.[0m
notifying browser that file changed:  /tgen/core.js
[0mCompiling "resources/public/js/compiled/tgen.js" from ["src"]...
[32mSuccessfully compiled "resources/public/js/compiled/tgen.js" in 0.104 seconds.[0m
notifying browser that file changed:  /tgen/core.js
[0mCompiling "resources/public/js/compiled/tgen.js" from ["src"]...
WARNING: Use of undeclared Var tgen.core/renderer at line 40 src/tgen/core.cljs
WARNING: Use of undeclared Var tgen.core/stopper at line 42 src/tgen/core.cljs
WARNING: Use of undeclared Var tgen.core/stopper at line 44 src/tgen/core.cljs
[32mSuccessfully compiled "resources/public/js/compiled/tgen.js" in 0.145 seconds.[0m
notifying browser that file changed:  /tgen/core.js
[0mCompiling "resources/public/js/compiled/tgen.js" from ["src"]...
WARNING: Use of undeclared Var tgen.core/stopper at line 44 src/tgen/core.cljs
[32mSuccessfully compiled "resources/public/js/compiled/tgen.js" in 0.128 seconds.[0m
notifying browser that file changed:  /tgen/core.js
[0mCompiling "resources/public/js/compiled/tgen.js" from ["src"]...
[32mSuccessfully compiled "resources/public/js/compiled/tgen.js" in 0.115 seconds.[0m
notifying browser that file changed:  resources/public/js/compiled/out/cljs_deps.js
notifying browser that file changed:  /tgen/core.js
[0mCompiling "resources/public/js/compiled/tgen.js" from ["src"]...
[32mSuccessfully compiled "resources/public/js/compiled/tgen.js" in 0.106 seconds.[0m
notifying browser that file changed:  /tgen/core.js
[0mCompiling "resources/public/js/compiled/tgen.js" from ["src"]...
[32mSuccessfully compiled "resources/public/js/compiled/tgen.js" in 0.103 seconds.[0m
notifying browser that file changed:  resources/public/js/compiled/out/cljs_deps.js
notifying browser that file changed:  /tgen/core.js
[0mCompiling "resources/public/js/compiled/tgen.js" from ["src"]...
[32mSuccessfully compiled "resources/public/js/compiled/tgen.js" in 0.105 seconds.[0m
notifying browser that file changed:  /tgen/core.js
[0mCompiling "resources/public/js/compiled/tgen.js" from ["src"]...
[32mSuccessfully compiled "resources/public/js/compiled/tgen.js" in 0.1 seconds.[0m
notifying browser that file changed:  resources/public/js/compiled/out/cljs_deps.js
notifying browser that file changed:  /tgen/core.js
[0mCompiling "resources/public/js/compiled/tgen.js" from ["src"]...
[32mSuccessfully compiled "resources/public/js/compiled/tgen.js" in 0.105 seconds.[0m
notifying browser that file changed:  /tgen/core.js
[0mCompiling "resources/public/js/compiled/tgen.js" from ["src"]...
[32mSuccessfully compiled "resources/public/js/compiled/tgen.js" in 0.103 seconds.[0m
notifying browser that file changed:  /tgen/core.js
[0mCompiling "resources/public/js/compiled/tgen.js" from ["src"]...
[32mSuccessfully compiled "resources/public/js/compiled/tgen.js" in 0.101 seconds.[0m
notifying browser that file changed:  resources/public/js/compiled/out/cljs_deps.js
notifying browser that file changed:  /tgen/core.js
[0mCompiling "resources/public/js/compiled/tgen.js" from ["src"]...
[32mSuccessfully compiled "resources/public/js/compiled/tgen.js" in 0.116 seconds.[0m
notifying browser that file changed:  resources/public/js/compiled/out/cljs_deps.js
notifying browser that file changed:  /tgen/core.js
[0mCompiling "resources/public/js/compiled/tgen.js" from ["src"]...
[32mSuccessfully compiled "resources/public/js/compiled/tgen.js" in 0.109 seconds.[0m
notifying browser that file changed:  /tgen/core.js
[0mCompiling "resources/public/js/compiled/tgen.js" from ["src"]...
[32mSuccessfully compiled "resources/public/js/compiled/tgen.js" in 0.099 seconds.[0m
notifying browser that file changed:  /tgen/core.js
